2023-05-05 18:42:03 [main] INFO  c.m.d.t.t.k.s.TwitterToKafkaServiceApplication - Starting TwitterToKafkaServiceApplication on pop-os with PID 593953 (/home/gustavo/Desktop/Event-Driven Microservices/microservices.demo/twitter-to-kafka-service/target/classes started by gustavo in /home/gustavo/Desktop/Event-Driven Microservices/microservices.demo)
2023-05-05 18:42:03 [main] INFO  c.m.d.t.t.k.s.TwitterToKafkaServiceApplication - No active profile set, falling back to default profiles: default
2023-05-05 18:42:05 [main] INFO  o.a.k.c.admin.AdminClientConfig - AdminClientConfig values: 
	bootstrap.servers = [localhost:19092, localhost:29092, localhost:39092]
	client.dns.lookup = default
	client.id = 
	connections.max.idle.ms = 300000
	default.api.timeout.ms = 60000
	metadata.max.age.ms = 300000
	metric.reporters = []
	metrics.num.samples = 2
	metrics.recording.level = INFO
	metrics.sample.window.ms = 30000
	receive.buffer.bytes = 65536
	reconnect.backoff.max.ms = 1000
	reconnect.backoff.ms = 50
	request.timeout.ms = 30000
	retries = 2147483647
	retry.backoff.ms = 100
	sasl.client.callback.handler.class = null
	sasl.jaas.config = null
	sasl.kerberos.kinit.cmd = /usr/bin/kinit
	sasl.kerberos.min.time.before.relogin = 60000
	sasl.kerberos.service.name = null
	sasl.kerberos.ticket.renew.jitter = 0.05
	sasl.kerberos.ticket.renew.window.factor = 0.8
	sasl.login.callback.handler.class = null
	sasl.login.class = null
	sasl.login.refresh.buffer.seconds = 300
	sasl.login.refresh.min.period.seconds = 60
	sasl.login.refresh.window.factor = 0.8
	sasl.login.refresh.window.jitter = 0.05
	sasl.mechanism = GSSAPI
	security.protocol = PLAINTEXT
	security.providers = null
	send.buffer.bytes = 131072
	ssl.cipher.suites = null
	ssl.enabled.protocols = [TLSv1.2]
	ssl.endpoint.identification.algorithm = https
	ssl.key.password = null
	ssl.keymanager.algorithm = SunX509
	ssl.keystore.location = null
	ssl.keystore.password = null
	ssl.keystore.type = JKS
	ssl.protocol = TLSv1.2
	ssl.provider = null
	ssl.secure.random.implementation = null
	ssl.trustmanager.algorithm = PKIX
	ssl.truststore.location = null
	ssl.truststore.password = null
	ssl.truststore.type = JKS

2023-05-05 18:42:05 [main] INFO  o.a.kafka.common.utils.AppInfoParser - Kafka version: 2.5.1
2023-05-05 18:42:05 [main] INFO  o.a.kafka.common.utils.AppInfoParser - Kafka commitId: 0efa8fb0f4c73d92
2023-05-05 18:42:05 [main] INFO  o.a.kafka.common.utils.AppInfoParser - Kafka startTimeMs: 1683322925467
2023-05-05 18:42:06 [main] INFO  o.s.b.w.e.netty.NettyWebServer - Netty started on port(s): 8080
2023-05-05 18:42:06 [main] INFO  c.m.d.t.t.k.s.TwitterToKafkaServiceApplication - Started TwitterToKafkaServiceApplication in 3.252 seconds (JVM running for 4.197)
2023-05-05 18:42:06 [main] INFO  c.m.d.t.t.k.s.TwitterToKafkaServiceApplication - App starts...
2023-05-05 18:42:06 [main] INFO  c.m.d.k.a.client.KafkaAdminClient - Creating 1 topics(s), attempt 0
2023-05-05 18:42:06 [main] INFO  c.m.d.k.a.client.KafkaAdminClient - Create topic result [KafkaFuture{value=null,exception=null,done=false}]
2023-05-05 18:42:06 [main] INFO  c.m.d.k.a.client.KafkaAdminClient - Reading kafka topic [twitter-topic], attempt 0
2023-05-05 18:42:06 [main] INFO  c.m.d.t.t.k.s.i.i.KafkaStreamInitializer - Topics with name twitter-topic is ready for operations!
2023-05-05 18:42:06 [main] INFO  c.m.d.t.t.k.s.r.i.MockKafkaStreamRunner - Starting mock filtering twitter streams for keywords [Java, Microservices, Kafka, Elasticsearch]
2023-05-05 18:42:25 [pool-1-thread-1] INFO  c.m.d.t.t.k.s.l.TwitterKafkaStatusListener - Received status text adipiscing consectetuer congue ultricies Kafka adipiscing Fusce dolor sending to kafka topic twitter-topic
2023-05-05 18:42:25 [pool-1-thread-1] INFO  c.m.d.k.p.c.s.i.TwitterKafkaProducer - Sending message='{"userId": 814919878904399223, "id": 5253516744408869178, "text": "adipiscing consectetuer congue ultricies Kafka adipiscing Fusce dolor", "createdAt": 1683322941000}' to topic='twitter-topic'
2023-05-05 18:42:42 [SpringContextShutdownHook] INFO  c.m.d.k.p.c.s.i.TwitterKafkaProducer - Closing kafka producer!
2023-05-05 18:42:50 [main] INFO  c.m.d.t.t.k.s.TwitterToKafkaServiceApplication - Starting TwitterToKafkaServiceApplication on pop-os with PID 594320 (/home/gustavo/Desktop/Event-Driven Microservices/microservices.demo/twitter-to-kafka-service/target/classes started by gustavo in /home/gustavo/Desktop/Event-Driven Microservices/microservices.demo)
2023-05-05 18:42:50 [main] INFO  c.m.d.t.t.k.s.TwitterToKafkaServiceApplication - No active profile set, falling back to default profiles: default
2023-05-05 18:42:51 [main] INFO  o.a.k.c.admin.AdminClientConfig - AdminClientConfig values: 
	bootstrap.servers = [localhost:19092, localhost:29092, localhost:39092]
	client.dns.lookup = default
	client.id = 
	connections.max.idle.ms = 300000
	default.api.timeout.ms = 60000
	metadata.max.age.ms = 300000
	metric.reporters = []
	metrics.num.samples = 2
	metrics.recording.level = INFO
	metrics.sample.window.ms = 30000
	receive.buffer.bytes = 65536
	reconnect.backoff.max.ms = 1000
	reconnect.backoff.ms = 50
	request.timeout.ms = 30000
	retries = 2147483647
	retry.backoff.ms = 100
	sasl.client.callback.handler.class = null
	sasl.jaas.config = null
	sasl.kerberos.kinit.cmd = /usr/bin/kinit
	sasl.kerberos.min.time.before.relogin = 60000
	sasl.kerberos.service.name = null
	sasl.kerberos.ticket.renew.jitter = 0.05
	sasl.kerberos.ticket.renew.window.factor = 0.8
	sasl.login.callback.handler.class = null
	sasl.login.class = null
	sasl.login.refresh.buffer.seconds = 300
	sasl.login.refresh.min.period.seconds = 60
	sasl.login.refresh.window.factor = 0.8
	sasl.login.refresh.window.jitter = 0.05
	sasl.mechanism = GSSAPI
	security.protocol = PLAINTEXT
	security.providers = null
	send.buffer.bytes = 131072
	ssl.cipher.suites = null
	ssl.enabled.protocols = [TLSv1.2]
	ssl.endpoint.identification.algorithm = https
	ssl.key.password = null
	ssl.keymanager.algorithm = SunX509
	ssl.keystore.location = null
	ssl.keystore.password = null
	ssl.keystore.type = JKS
	ssl.protocol = TLSv1.2
	ssl.provider = null
	ssl.secure.random.implementation = null
	ssl.trustmanager.algorithm = PKIX
	ssl.truststore.location = null
	ssl.truststore.password = null
	ssl.truststore.type = JKS

2023-05-05 18:42:51 [main] INFO  o.a.kafka.common.utils.AppInfoParser - Kafka version: 2.5.1
2023-05-05 18:42:51 [main] INFO  o.a.kafka.common.utils.AppInfoParser - Kafka commitId: 0efa8fb0f4c73d92
2023-05-05 18:42:51 [main] INFO  o.a.kafka.common.utils.AppInfoParser - Kafka startTimeMs: 1683322971922
2023-05-05 18:42:52 [main] INFO  o.s.b.w.e.netty.NettyWebServer - Netty started on port(s): 8080
2023-05-05 18:42:52 [main] INFO  c.m.d.t.t.k.s.TwitterToKafkaServiceApplication - Started TwitterToKafkaServiceApplication in 2.888 seconds (JVM running for 3.702)
2023-05-05 18:42:52 [main] INFO  c.m.d.t.t.k.s.TwitterToKafkaServiceApplication - App starts...
2023-05-05 18:42:52 [main] INFO  c.m.d.k.a.client.KafkaAdminClient - Creating 1 topics(s), attempt 0
2023-05-05 18:42:52 [main] INFO  c.m.d.k.a.client.KafkaAdminClient - Create topic result [KafkaFuture{value=null,exception=null,done=false}]
2023-05-05 18:42:52 [main] INFO  c.m.d.k.a.client.KafkaAdminClient - Reading kafka topic [twitter-topic], attempt 0
2023-05-05 18:42:52 [main] INFO  c.m.d.t.t.k.s.i.i.KafkaStreamInitializer - Topics with name twitter-topic is ready for operations!
2023-05-05 18:42:52 [main] INFO  c.m.d.t.t.k.s.r.i.MockKafkaStreamRunner - Starting mock filtering twitter streams for keywords [Java, Microservices, Kafka, Elasticsearch]
2023-05-05 18:43:12 [pool-1-thread-1] INFO  c.m.d.t.t.k.s.l.TwitterKafkaStatusListener - Received status text Maecenas amet massa libero malesuada Microservices purus sed ipsum sending to kafka topic twitter-topic
2023-05-05 18:43:37 [pool-1-thread-1] INFO  c.m.d.k.p.c.s.i.TwitterKafkaProducer - Sending message='{"userId": 2452828677432566406, "id": 9141380913694314233, "text": "Maecenas amet massa libero malesuada Microservices purus sed ipsum", "createdAt": 1683322980000}' to topic='twitter-topic'
2023-05-05 18:43:55 [SpringContextShutdownHook] INFO  c.m.d.k.p.c.s.i.TwitterKafkaProducer - Closing kafka producer!
2023-05-05 19:09:12 [main] INFO  c.m.d.t.t.k.s.TwitterToKafkaServiceApplication - Starting TwitterToKafkaServiceApplication on pop-os with PID 601925 (/home/gustavo/Desktop/Event-Driven Microservices/microservices.demo/twitter-to-kafka-service/target/classes started by gustavo in /home/gustavo/Desktop/Event-Driven Microservices/microservices.demo)
2023-05-05 19:09:12 [main] INFO  c.m.d.t.t.k.s.TwitterToKafkaServiceApplication - No active profile set, falling back to default profiles: default
2023-05-05 19:09:13 [main] INFO  o.a.k.c.admin.AdminClientConfig - AdminClientConfig values: 
	bootstrap.servers = [localhost:19092, localhost:29092, localhost:39092]
	client.dns.lookup = default
	client.id = 
	connections.max.idle.ms = 300000
	default.api.timeout.ms = 60000
	metadata.max.age.ms = 300000
	metric.reporters = []
	metrics.num.samples = 2
	metrics.recording.level = INFO
	metrics.sample.window.ms = 30000
	receive.buffer.bytes = 65536
	reconnect.backoff.max.ms = 1000
	reconnect.backoff.ms = 50
	request.timeout.ms = 30000
	retries = 2147483647
	retry.backoff.ms = 100
	sasl.client.callback.handler.class = null
	sasl.jaas.config = null
	sasl.kerberos.kinit.cmd = /usr/bin/kinit
	sasl.kerberos.min.time.before.relogin = 60000
	sasl.kerberos.service.name = null
	sasl.kerberos.ticket.renew.jitter = 0.05
	sasl.kerberos.ticket.renew.window.factor = 0.8
	sasl.login.callback.handler.class = null
	sasl.login.class = null
	sasl.login.refresh.buffer.seconds = 300
	sasl.login.refresh.min.period.seconds = 60
	sasl.login.refresh.window.factor = 0.8
	sasl.login.refresh.window.jitter = 0.05
	sasl.mechanism = GSSAPI
	security.protocol = PLAINTEXT
	security.providers = null
	send.buffer.bytes = 131072
	ssl.cipher.suites = null
	ssl.enabled.protocols = [TLSv1.2]
	ssl.endpoint.identification.algorithm = https
	ssl.key.password = null
	ssl.keymanager.algorithm = SunX509
	ssl.keystore.location = null
	ssl.keystore.password = null
	ssl.keystore.type = JKS
	ssl.protocol = TLSv1.2
	ssl.provider = null
	ssl.secure.random.implementation = null
	ssl.trustmanager.algorithm = PKIX
	ssl.truststore.location = null
	ssl.truststore.password = null
	ssl.truststore.type = JKS

2023-05-05 19:09:14 [main] INFO  o.a.kafka.common.utils.AppInfoParser - Kafka version: 2.5.1
2023-05-05 19:09:14 [main] INFO  o.a.kafka.common.utils.AppInfoParser - Kafka commitId: 0efa8fb0f4c73d92
2023-05-05 19:09:14 [main] INFO  o.a.kafka.common.utils.AppInfoParser - Kafka startTimeMs: 1683324554100
2023-05-05 19:09:15 [main] INFO  o.s.b.w.e.netty.NettyWebServer - Netty started on port(s): 8080
2023-05-05 19:09:15 [main] INFO  c.m.d.t.t.k.s.TwitterToKafkaServiceApplication - Started TwitterToKafkaServiceApplication in 3.33 seconds (JVM running for 4.281)
2023-05-05 19:09:15 [main] INFO  c.m.d.t.t.k.s.TwitterToKafkaServiceApplication - App starts...
2023-05-05 19:09:15 [main] INFO  c.m.d.k.a.client.KafkaAdminClient - Creating 1 topics(s), attempt 0
2023-05-05 19:09:15 [main] INFO  c.m.d.k.a.client.KafkaAdminClient - Create topic result [KafkaFuture{value=null,exception=null,done=false}]
2023-05-05 19:09:15 [main] INFO  c.m.d.k.a.client.KafkaAdminClient - Reading kafka topic [twitter-topic], attempt 0
2023-05-05 19:09:15 [main] INFO  c.m.d.t.t.k.s.i.i.KafkaStreamInitializer - Topics with name twitter-topic is ready for operations!
2023-05-05 19:09:15 [main] INFO  c.m.d.t.t.k.s.r.i.MockKafkaStreamRunner - Starting mock filtering twitter streams for keywords [Java, Microservices, Kafka, Elasticsearch]
2023-05-05 19:09:45 [pool-1-thread-1] INFO  c.m.d.t.t.k.s.l.TwitterKafkaStatusListener - Received status text ultricies adipiscing Maecenas congue dolor libero ipsum Java sit amet congue congue Fusce sending to kafka topic twitter-topic
2023-05-05 19:10:01 [pool-1-thread-1] INFO  c.m.d.k.p.c.s.i.TwitterKafkaProducer - Sending message='{"userId": 3130254730264384770, "id": 1026631421873202228, "text": "ultricies adipiscing Maecenas congue dolor libero ipsum Java sit amet congue congue Fusce", "createdAt": 1683324576000}' to topic='twitter-topic'
2023-05-05 19:10:50 [SpringContextShutdownHook] INFO  c.m.d.k.p.c.s.i.TwitterKafkaProducer - Closing kafka producer!
2023-05-05 19:10:59 [main] INFO  c.m.d.t.t.k.s.TwitterToKafkaServiceApplication - Starting TwitterToKafkaServiceApplication on pop-os with PID 602219 (/home/gustavo/Desktop/Event-Driven Microservices/microservices.demo/twitter-to-kafka-service/target/classes started by gustavo in /home/gustavo/Desktop/Event-Driven Microservices/microservices.demo)
2023-05-05 19:10:59 [main] INFO  c.m.d.t.t.k.s.TwitterToKafkaServiceApplication - No active profile set, falling back to default profiles: default
2023-05-05 19:11:01 [main] INFO  o.a.k.c.admin.AdminClientConfig - AdminClientConfig values: 
	bootstrap.servers = [localhost:19092, localhost:29092, localhost:39092]
	client.dns.lookup = default
	client.id = 
	connections.max.idle.ms = 300000
	default.api.timeout.ms = 60000
	metadata.max.age.ms = 300000
	metric.reporters = []
	metrics.num.samples = 2
	metrics.recording.level = INFO
	metrics.sample.window.ms = 30000
	receive.buffer.bytes = 65536
	reconnect.backoff.max.ms = 1000
	reconnect.backoff.ms = 50
	request.timeout.ms = 30000
	retries = 2147483647
	retry.backoff.ms = 100
	sasl.client.callback.handler.class = null
	sasl.jaas.config = null
	sasl.kerberos.kinit.cmd = /usr/bin/kinit
	sasl.kerberos.min.time.before.relogin = 60000
	sasl.kerberos.service.name = null
	sasl.kerberos.ticket.renew.jitter = 0.05
	sasl.kerberos.ticket.renew.window.factor = 0.8
	sasl.login.callback.handler.class = null
	sasl.login.class = null
	sasl.login.refresh.buffer.seconds = 300
	sasl.login.refresh.min.period.seconds = 60
	sasl.login.refresh.window.factor = 0.8
	sasl.login.refresh.window.jitter = 0.05
	sasl.mechanism = GSSAPI
	security.protocol = PLAINTEXT
	security.providers = null
	send.buffer.bytes = 131072
	ssl.cipher.suites = null
	ssl.enabled.protocols = [TLSv1.2]
	ssl.endpoint.identification.algorithm = https
	ssl.key.password = null
	ssl.keymanager.algorithm = SunX509
	ssl.keystore.location = null
	ssl.keystore.password = null
	ssl.keystore.type = JKS
	ssl.protocol = TLSv1.2
	ssl.provider = null
	ssl.secure.random.implementation = null
	ssl.trustmanager.algorithm = PKIX
	ssl.truststore.location = null
	ssl.truststore.password = null
	ssl.truststore.type = JKS

2023-05-05 19:11:01 [main] INFO  o.a.kafka.common.utils.AppInfoParser - Kafka version: 2.5.1
2023-05-05 19:11:01 [main] INFO  o.a.kafka.common.utils.AppInfoParser - Kafka commitId: 0efa8fb0f4c73d92
2023-05-05 19:11:01 [main] INFO  o.a.kafka.common.utils.AppInfoParser - Kafka startTimeMs: 1683324661329
2023-05-05 19:11:02 [main] INFO  o.s.b.w.e.netty.NettyWebServer - Netty started on port(s): 8080
2023-05-05 19:11:02 [main] INFO  c.m.d.t.t.k.s.TwitterToKafkaServiceApplication - Started TwitterToKafkaServiceApplication in 3.375 seconds (JVM running for 4.602)
2023-05-05 19:11:02 [main] INFO  c.m.d.t.t.k.s.TwitterToKafkaServiceApplication - App starts...
2023-05-05 19:11:02 [main] INFO  c.m.d.k.a.client.KafkaAdminClient - Creating 1 topics(s), attempt 0
2023-05-05 19:11:02 [main] INFO  c.m.d.k.a.client.KafkaAdminClient - Create topic result [KafkaFuture{value=null,exception=null,done=false}]
2023-05-05 19:11:02 [main] INFO  c.m.d.k.a.client.KafkaAdminClient - Reading kafka topic [twitter-topic], attempt 0
2023-05-05 19:11:02 [main] INFO  c.m.d.t.t.k.s.i.i.KafkaStreamInitializer - Topics with name twitter-topic is ready for operations!
2023-05-05 19:11:02 [main] INFO  c.m.d.t.t.k.s.r.i.MockKafkaStreamRunner - Starting mock filtering twitter streams for keywords [Java, Microservices, Kafka, Elasticsearch]
2023-05-05 19:11:09 [pool-1-thread-1] INFO  c.m.d.t.t.k.s.l.TwitterKafkaStatusListener - Received status text elit magna posuere Lorem posuere ultricies pulvinar lectus Elasticsearch sit congue amet lectus pulvinar amet malesuada sending to kafka topic twitter-topic
2023-05-05 19:11:09 [pool-1-thread-1] INFO  c.m.d.k.p.c.s.i.TwitterKafkaProducer - Sending message='{"userId": 3799569890851941457, "id": 6120767350263342461, "text": "elit magna posuere Lorem posuere ultricies pulvinar lectus Elasticsearch sit congue amet lectus pulvinar amet malesuada", "createdAt": 1683324669000}' to topic='twitter-topic'
2023-05-05 19:12:57 [SpringContextShutdownHook] INFO  c.m.d.k.p.c.s.i.TwitterKafkaProducer - Closing kafka producer!
2023-05-05 19:13:08 [main] INFO  c.m.d.t.t.k.s.TwitterToKafkaServiceApplication - Starting TwitterToKafkaServiceApplication on pop-os with PID 602360 (/home/gustavo/Desktop/Event-Driven Microservices/microservices.demo/twitter-to-kafka-service/target/classes started by gustavo in /home/gustavo/Desktop/Event-Driven Microservices/microservices.demo)
2023-05-05 19:13:08 [main] INFO  c.m.d.t.t.k.s.TwitterToKafkaServiceApplication - No active profile set, falling back to default profiles: default
2023-05-05 19:13:09 [main] INFO  o.a.k.c.admin.AdminClientConfig - AdminClientConfig values: 
	bootstrap.servers = [localhost:19092, localhost:29092, localhost:39092]
	client.dns.lookup = default
	client.id = 
	connections.max.idle.ms = 300000
	default.api.timeout.ms = 60000
	metadata.max.age.ms = 300000
	metric.reporters = []
	metrics.num.samples = 2
	metrics.recording.level = INFO
	metrics.sample.window.ms = 30000
	receive.buffer.bytes = 65536
	reconnect.backoff.max.ms = 1000
	reconnect.backoff.ms = 50
	request.timeout.ms = 30000
	retries = 2147483647
	retry.backoff.ms = 100
	sasl.client.callback.handler.class = null
	sasl.jaas.config = null
	sasl.kerberos.kinit.cmd = /usr/bin/kinit
	sasl.kerberos.min.time.before.relogin = 60000
	sasl.kerberos.service.name = null
	sasl.kerberos.ticket.renew.jitter = 0.05
	sasl.kerberos.ticket.renew.window.factor = 0.8
	sasl.login.callback.handler.class = null
	sasl.login.class = null
	sasl.login.refresh.buffer.seconds = 300
	sasl.login.refresh.min.period.seconds = 60
	sasl.login.refresh.window.factor = 0.8
	sasl.login.refresh.window.jitter = 0.05
	sasl.mechanism = GSSAPI
	security.protocol = PLAINTEXT
	security.providers = null
	send.buffer.bytes = 131072
	ssl.cipher.suites = null
	ssl.enabled.protocols = [TLSv1.2]
	ssl.endpoint.identification.algorithm = https
	ssl.key.password = null
	ssl.keymanager.algorithm = SunX509
	ssl.keystore.location = null
	ssl.keystore.password = null
	ssl.keystore.type = JKS
	ssl.protocol = TLSv1.2
	ssl.provider = null
	ssl.secure.random.implementation = null
	ssl.trustmanager.algorithm = PKIX
	ssl.truststore.location = null
	ssl.truststore.password = null
	ssl.truststore.type = JKS

2023-05-05 19:13:09 [main] INFO  o.a.kafka.common.utils.AppInfoParser - Kafka version: 2.5.1
2023-05-05 19:13:09 [main] INFO  o.a.kafka.common.utils.AppInfoParser - Kafka commitId: 0efa8fb0f4c73d92
2023-05-05 19:13:09 [main] INFO  o.a.kafka.common.utils.AppInfoParser - Kafka startTimeMs: 1683324789960
2023-05-05 19:13:10 [main] INFO  o.s.b.w.e.netty.NettyWebServer - Netty started on port(s): 8080
2023-05-05 19:13:10 [main] INFO  c.m.d.t.t.k.s.TwitterToKafkaServiceApplication - Started TwitterToKafkaServiceApplication in 2.992 seconds (JVM running for 3.884)
2023-05-05 19:13:10 [main] INFO  c.m.d.t.t.k.s.TwitterToKafkaServiceApplication - App starts...
2023-05-05 19:13:10 [main] INFO  c.m.d.k.a.client.KafkaAdminClient - Creating 1 topics(s), attempt 0
2023-05-05 19:13:10 [main] INFO  c.m.d.k.a.client.KafkaAdminClient - Create topic result [KafkaFuture{value=null,exception=null,done=false}]
2023-05-05 19:13:10 [main] INFO  c.m.d.k.a.client.KafkaAdminClient - Reading kafka topic [twitter-topic], attempt 0
2023-05-05 19:13:11 [main] INFO  c.m.d.t.t.k.s.i.i.KafkaStreamInitializer - Topics with name twitter-topic is ready for operations!
2023-05-05 19:13:11 [main] INFO  c.m.d.t.t.k.s.r.i.MockKafkaStreamRunner - Starting mock filtering twitter streams for keywords [Java, Microservices, Kafka, Elasticsearch]
2023-05-05 19:13:11 [pool-1-thread-1] INFO  c.m.d.t.t.k.s.l.TwitterKafkaStatusListener - Received status text pulvinar massa ultricies pulvinar Lorem malesuada Kafka amet sit sit purus malesuada sending to kafka topic twitter-topic
2023-05-05 19:13:11 [pool-1-thread-1] INFO  c.m.d.k.p.c.s.i.TwitterKafkaProducer - Sending message='{"userId": 379336417294037749, "id": 1100463151619646595, "text": "pulvinar massa ultricies pulvinar Lorem malesuada Kafka amet sit sit purus malesuada", "createdAt": 1683324791000}' to topic='twitter-topic'
2023-05-05 19:14:32 [SpringContextShutdownHook] INFO  c.m.d.k.p.c.s.i.TwitterKafkaProducer - Closing kafka producer!
2023-05-05 19:14:40 [main] INFO  c.m.d.t.t.k.s.TwitterToKafkaServiceApplication - Starting TwitterToKafkaServiceApplication on pop-os with PID 602515 (/home/gustavo/Desktop/Event-Driven Microservices/microservices.demo/twitter-to-kafka-service/target/classes started by gustavo in /home/gustavo/Desktop/Event-Driven Microservices/microservices.demo)
2023-05-05 19:14:40 [main] INFO  c.m.d.t.t.k.s.TwitterToKafkaServiceApplication - No active profile set, falling back to default profiles: default
2023-05-05 19:14:41 [main] INFO  o.a.k.c.admin.AdminClientConfig - AdminClientConfig values: 
	bootstrap.servers = [localhost:19092, localhost:29092, localhost:39092]
	client.dns.lookup = default
	client.id = 
	connections.max.idle.ms = 300000
	default.api.timeout.ms = 60000
	metadata.max.age.ms = 300000
	metric.reporters = []
	metrics.num.samples = 2
	metrics.recording.level = INFO
	metrics.sample.window.ms = 30000
	receive.buffer.bytes = 65536
	reconnect.backoff.max.ms = 1000
	reconnect.backoff.ms = 50
	request.timeout.ms = 30000
	retries = 2147483647
	retry.backoff.ms = 100
	sasl.client.callback.handler.class = null
	sasl.jaas.config = null
	sasl.kerberos.kinit.cmd = /usr/bin/kinit
	sasl.kerberos.min.time.before.relogin = 60000
	sasl.kerberos.service.name = null
	sasl.kerberos.ticket.renew.jitter = 0.05
	sasl.kerberos.ticket.renew.window.factor = 0.8
	sasl.login.callback.handler.class = null
	sasl.login.class = null
	sasl.login.refresh.buffer.seconds = 300
	sasl.login.refresh.min.period.seconds = 60
	sasl.login.refresh.window.factor = 0.8
	sasl.login.refresh.window.jitter = 0.05
	sasl.mechanism = GSSAPI
	security.protocol = PLAINTEXT
	security.providers = null
	send.buffer.bytes = 131072
	ssl.cipher.suites = null
	ssl.enabled.protocols = [TLSv1.2]
	ssl.endpoint.identification.algorithm = https
	ssl.key.password = null
	ssl.keymanager.algorithm = SunX509
	ssl.keystore.location = null
	ssl.keystore.password = null
	ssl.keystore.type = JKS
	ssl.protocol = TLSv1.2
	ssl.provider = null
	ssl.secure.random.implementation = null
	ssl.trustmanager.algorithm = PKIX
	ssl.truststore.location = null
	ssl.truststore.password = null
	ssl.truststore.type = JKS

2023-05-05 19:14:41 [main] INFO  o.a.kafka.common.utils.AppInfoParser - Kafka version: 2.5.1
2023-05-05 19:14:41 [main] INFO  o.a.kafka.common.utils.AppInfoParser - Kafka commitId: 0efa8fb0f4c73d92
2023-05-05 19:14:41 [main] INFO  o.a.kafka.common.utils.AppInfoParser - Kafka startTimeMs: 1683324881859
2023-05-05 19:14:42 [main] INFO  o.s.b.w.e.netty.NettyWebServer - Netty started on port(s): 8080
2023-05-05 19:14:42 [main] INFO  c.m.d.t.t.k.s.TwitterToKafkaServiceApplication - Started TwitterToKafkaServiceApplication in 2.916 seconds (JVM running for 3.822)
2023-05-05 19:14:42 [main] INFO  c.m.d.t.t.k.s.TwitterToKafkaServiceApplication - App starts...
2023-05-05 19:14:42 [main] INFO  c.m.d.k.a.client.KafkaAdminClient - Creating 1 topics(s), attempt 0
2023-05-05 19:14:42 [main] INFO  c.m.d.k.a.client.KafkaAdminClient - Create topic result [KafkaFuture{value=null,exception=null,done=false}]
2023-05-05 19:14:42 [main] INFO  c.m.d.k.a.client.KafkaAdminClient - Reading kafka topic [twitter-topic], attempt 0
2023-05-05 19:14:42 [main] INFO  c.m.d.t.t.k.s.i.i.KafkaStreamInitializer - Topics with name twitter-topic is ready for operations!
2023-05-05 19:14:42 [main] INFO  c.m.d.t.t.k.s.r.i.MockKafkaStreamRunner - Starting mock filtering twitter streams for keywords [Java, Microservices, Kafka, Elasticsearch]
2023-05-05 19:14:43 [pool-1-thread-1] INFO  c.m.d.t.t.k.s.l.TwitterKafkaStatusListener - Received status text congue magna Fusce Elasticsearch lectus sed sending to kafka topic twitter-topic
2023-05-05 19:14:43 [pool-1-thread-1] INFO  c.m.d.k.p.c.s.i.TwitterKafkaProducer - Sending message='{"userId": 6339222371166596656, "id": 7774290960420704231, "text": "congue magna Fusce Elasticsearch lectus sed", "createdAt": 1683324882000}' to topic='twitter-topic'
2023-05-05 19:15:25 [SpringContextShutdownHook] INFO  c.m.d.k.p.c.s.i.TwitterKafkaProducer - Closing kafka producer!
2023-05-05 19:15:30 [main] INFO  c.m.d.t.t.k.s.TwitterToKafkaServiceApplication - Starting TwitterToKafkaServiceApplication on pop-os with PID 602633 (/home/gustavo/Desktop/Event-Driven Microservices/microservices.demo/twitter-to-kafka-service/target/classes started by gustavo in /home/gustavo/Desktop/Event-Driven Microservices/microservices.demo)
2023-05-05 19:15:30 [main] INFO  c.m.d.t.t.k.s.TwitterToKafkaServiceApplication - No active profile set, falling back to default profiles: default
2023-05-05 19:15:32 [main] INFO  o.a.k.c.admin.AdminClientConfig - AdminClientConfig values: 
	bootstrap.servers = [localhost:19092, localhost:29092, localhost:39092]
	client.dns.lookup = default
	client.id = 
	connections.max.idle.ms = 300000
	default.api.timeout.ms = 60000
	metadata.max.age.ms = 300000
	metric.reporters = []
	metrics.num.samples = 2
	metrics.recording.level = INFO
	metrics.sample.window.ms = 30000
	receive.buffer.bytes = 65536
	reconnect.backoff.max.ms = 1000
	reconnect.backoff.ms = 50
	request.timeout.ms = 30000
	retries = 2147483647
	retry.backoff.ms = 100
	sasl.client.callback.handler.class = null
	sasl.jaas.config = null
	sasl.kerberos.kinit.cmd = /usr/bin/kinit
	sasl.kerberos.min.time.before.relogin = 60000
	sasl.kerberos.service.name = null
	sasl.kerberos.ticket.renew.jitter = 0.05
	sasl.kerberos.ticket.renew.window.factor = 0.8
	sasl.login.callback.handler.class = null
	sasl.login.class = null
	sasl.login.refresh.buffer.seconds = 300
	sasl.login.refresh.min.period.seconds = 60
	sasl.login.refresh.window.factor = 0.8
	sasl.login.refresh.window.jitter = 0.05
	sasl.mechanism = GSSAPI
	security.protocol = PLAINTEXT
	security.providers = null
	send.buffer.bytes = 131072
	ssl.cipher.suites = null
	ssl.enabled.protocols = [TLSv1.2]
	ssl.endpoint.identification.algorithm = https
	ssl.key.password = null
	ssl.keymanager.algorithm = SunX509
	ssl.keystore.location = null
	ssl.keystore.password = null
	ssl.keystore.type = JKS
	ssl.protocol = TLSv1.2
	ssl.provider = null
	ssl.secure.random.implementation = null
	ssl.trustmanager.algorithm = PKIX
	ssl.truststore.location = null
	ssl.truststore.password = null
	ssl.truststore.type = JKS

2023-05-05 19:15:32 [main] INFO  o.a.kafka.common.utils.AppInfoParser - Kafka version: 2.5.1
2023-05-05 19:15:32 [main] INFO  o.a.kafka.common.utils.AppInfoParser - Kafka commitId: 0efa8fb0f4c73d92
2023-05-05 19:15:32 [main] INFO  o.a.kafka.common.utils.AppInfoParser - Kafka startTimeMs: 1683324932404
2023-05-05 19:15:33 [main] INFO  o.s.b.w.e.netty.NettyWebServer - Netty started on port(s): 8080
2023-05-05 19:15:33 [main] INFO  c.m.d.t.t.k.s.TwitterToKafkaServiceApplication - Started TwitterToKafkaServiceApplication in 2.84 seconds (JVM running for 3.737)
2023-05-05 19:15:33 [main] INFO  c.m.d.t.t.k.s.TwitterToKafkaServiceApplication - App starts...
2023-05-05 19:15:33 [main] INFO  c.m.d.k.a.client.KafkaAdminClient - Creating 1 topics(s), attempt 0
2023-05-05 19:15:33 [main] INFO  c.m.d.k.a.client.KafkaAdminClient - Create topic result [KafkaFuture{value=null,exception=null,done=false}]
2023-05-05 19:15:33 [main] INFO  c.m.d.k.a.client.KafkaAdminClient - Reading kafka topic [twitter-topic], attempt 0
2023-05-05 19:15:33 [main] INFO  c.m.d.t.t.k.s.i.i.KafkaStreamInitializer - Topics with name twitter-topic is ready for operations!
2023-05-05 19:15:33 [main] INFO  c.m.d.t.t.k.s.r.i.MockKafkaStreamRunner - Starting mock filtering twitter streams for keywords [Java, Microservices, Kafka, Elasticsearch]
2023-05-05 19:15:33 [pool-1-thread-1] INFO  c.m.d.t.t.k.s.l.TwitterKafkaStatusListener - Received status text consectetuer malesuada libero Java lectus congue sending to kafka topic twitter-topic
2023-05-05 19:15:33 [pool-1-thread-1] INFO  c.m.d.k.p.c.s.i.TwitterKafkaProducer - Sending message='{"userId": 1070813894437685330, "id": 8121428861586841666, "text": "consectetuer malesuada libero Java lectus congue", "createdAt": 1683324933000}' to topic='twitter-topic'
2023-05-05 19:23:21 [SpringContextShutdownHook] INFO  c.m.d.k.p.c.s.i.TwitterKafkaProducer - Closing kafka producer!
2023-05-05 19:23:27 [main] INFO  c.m.d.t.t.k.s.TwitterToKafkaServiceApplication - Starting TwitterToKafkaServiceApplication on pop-os with PID 602930 (/home/gustavo/Desktop/Event-Driven Microservices/microservices.demo/twitter-to-kafka-service/target/classes started by gustavo in /home/gustavo/Desktop/Event-Driven Microservices/microservices.demo)
2023-05-05 19:23:27 [main] INFO  c.m.d.t.t.k.s.TwitterToKafkaServiceApplication - No active profile set, falling back to default profiles: default
2023-05-05 19:23:28 [main] INFO  o.a.k.c.admin.AdminClientConfig - AdminClientConfig values: 
	bootstrap.servers = [localhost:19092, localhost:29092, localhost:39092]
	client.dns.lookup = default
	client.id = 
	connections.max.idle.ms = 300000
	default.api.timeout.ms = 60000
	metadata.max.age.ms = 300000
	metric.reporters = []
	metrics.num.samples = 2
	metrics.recording.level = INFO
	metrics.sample.window.ms = 30000
	receive.buffer.bytes = 65536
	reconnect.backoff.max.ms = 1000
	reconnect.backoff.ms = 50
	request.timeout.ms = 30000
	retries = 2147483647
	retry.backoff.ms = 100
	sasl.client.callback.handler.class = null
	sasl.jaas.config = null
	sasl.kerberos.kinit.cmd = /usr/bin/kinit
	sasl.kerberos.min.time.before.relogin = 60000
	sasl.kerberos.service.name = null
	sasl.kerberos.ticket.renew.jitter = 0.05
	sasl.kerberos.ticket.renew.window.factor = 0.8
	sasl.login.callback.handler.class = null
	sasl.login.class = null
	sasl.login.refresh.buffer.seconds = 300
	sasl.login.refresh.min.period.seconds = 60
	sasl.login.refresh.window.factor = 0.8
	sasl.login.refresh.window.jitter = 0.05
	sasl.mechanism = GSSAPI
	security.protocol = PLAINTEXT
	security.providers = null
	send.buffer.bytes = 131072
	ssl.cipher.suites = null
	ssl.enabled.protocols = [TLSv1.2]
	ssl.endpoint.identification.algorithm = https
	ssl.key.password = null
	ssl.keymanager.algorithm = SunX509
	ssl.keystore.location = null
	ssl.keystore.password = null
	ssl.keystore.type = JKS
	ssl.protocol = TLSv1.2
	ssl.provider = null
	ssl.secure.random.implementation = null
	ssl.trustmanager.algorithm = PKIX
	ssl.truststore.location = null
	ssl.truststore.password = null
	ssl.truststore.type = JKS

2023-05-05 19:23:29 [main] INFO  o.a.kafka.common.utils.AppInfoParser - Kafka version: 2.5.1
2023-05-05 19:23:29 [main] INFO  o.a.kafka.common.utils.AppInfoParser - Kafka commitId: 0efa8fb0f4c73d92
2023-05-05 19:23:29 [main] INFO  o.a.kafka.common.utils.AppInfoParser - Kafka startTimeMs: 1683325409076
2023-05-05 19:23:29 [main] INFO  o.s.b.w.e.netty.NettyWebServer - Netty started on port(s): 8080
2023-05-05 19:23:29 [main] INFO  c.m.d.t.t.k.s.TwitterToKafkaServiceApplication - Started TwitterToKafkaServiceApplication in 2.857 seconds (JVM running for 3.737)
2023-05-05 19:23:29 [main] INFO  c.m.d.t.t.k.s.TwitterToKafkaServiceApplication - App starts...
2023-05-05 19:23:29 [main] INFO  c.m.d.k.a.client.KafkaAdminClient - Creating 1 topics(s), attempt 0
2023-05-05 19:23:29 [main] INFO  c.m.d.k.a.client.KafkaAdminClient - Create topic result [KafkaFuture{value=null,exception=null,done=false}]
2023-05-05 19:23:29 [main] INFO  c.m.d.k.a.client.KafkaAdminClient - Reading kafka topic [twitter-topic], attempt 0
2023-05-05 19:23:30 [main] INFO  c.m.d.t.t.k.s.i.i.KafkaStreamInitializer - Topics with name twitter-topic is ready for operations!
2023-05-05 19:23:30 [main] INFO  c.m.d.t.t.k.s.r.i.MockKafkaStreamRunner - Starting mock filtering twitter streams for keywords [Java, Microservices, Kafka, Elasticsearch]
2023-05-05 19:23:30 [pool-1-thread-1] INFO  c.m.d.t.t.k.s.l.TwitterKafkaStatusListener - Received status text sed posuere elit Microservices Maecenas Lorem sending to kafka topic twitter-topic
2023-05-05 19:23:30 [pool-1-thread-1] INFO  c.m.d.k.p.c.s.i.TwitterKafkaProducer - Sending message='{"userId": 7322723441171847289, "id": 132202027008449151, "text": "sed posuere elit Microservices Maecenas Lorem", "createdAt": 1683325410000}' to topic='twitter-topic'
2023-05-05 19:33:28 [SpringContextShutdownHook] INFO  c.m.d.k.p.c.s.i.TwitterKafkaProducer - Closing kafka producer!
2023-05-05 20:20:54 [main] INFO  c.m.d.t.t.k.s.TwitterToKafkaServiceApplication - Starting TwitterToKafkaServiceApplication on pop-os with PID 605776 (/home/gustavo/Desktop/Event-Driven Microservices/microservices.demo/twitter-to-kafka-service/target/classes started by gustavo in /home/gustavo/Desktop/Event-Driven Microservices/microservices.demo)
2023-05-05 20:20:54 [main] INFO  c.m.d.t.t.k.s.TwitterToKafkaServiceApplication - No active profile set, falling back to default profiles: default
2023-05-05 20:20:56 [main] INFO  o.a.k.c.admin.AdminClientConfig - AdminClientConfig values: 
	bootstrap.servers = [localhost:19092, localhost:29092, localhost:39092]
	client.dns.lookup = default
	client.id = 
	connections.max.idle.ms = 300000
	default.api.timeout.ms = 60000
	metadata.max.age.ms = 300000
	metric.reporters = []
	metrics.num.samples = 2
	metrics.recording.level = INFO
	metrics.sample.window.ms = 30000
	receive.buffer.bytes = 65536
	reconnect.backoff.max.ms = 1000
	reconnect.backoff.ms = 50
	request.timeout.ms = 30000
	retries = 2147483647
	retry.backoff.ms = 100
	sasl.client.callback.handler.class = null
	sasl.jaas.config = null
	sasl.kerberos.kinit.cmd = /usr/bin/kinit
	sasl.kerberos.min.time.before.relogin = 60000
	sasl.kerberos.service.name = null
	sasl.kerberos.ticket.renew.jitter = 0.05
	sasl.kerberos.ticket.renew.window.factor = 0.8
	sasl.login.callback.handler.class = null
	sasl.login.class = null
	sasl.login.refresh.buffer.seconds = 300
	sasl.login.refresh.min.period.seconds = 60
	sasl.login.refresh.window.factor = 0.8
	sasl.login.refresh.window.jitter = 0.05
	sasl.mechanism = GSSAPI
	security.protocol = PLAINTEXT
	security.providers = null
	send.buffer.bytes = 131072
	ssl.cipher.suites = null
	ssl.enabled.protocols = [TLSv1.2]
	ssl.endpoint.identification.algorithm = https
	ssl.key.password = null
	ssl.keymanager.algorithm = SunX509
	ssl.keystore.location = null
	ssl.keystore.password = null
	ssl.keystore.type = JKS
	ssl.protocol = TLSv1.2
	ssl.provider = null
	ssl.secure.random.implementation = null
	ssl.trustmanager.algorithm = PKIX
	ssl.truststore.location = null
	ssl.truststore.password = null
	ssl.truststore.type = JKS

2023-05-05 20:20:56 [main] INFO  o.a.kafka.common.utils.AppInfoParser - Kafka version: 2.5.1
2023-05-05 20:20:56 [main] INFO  o.a.kafka.common.utils.AppInfoParser - Kafka commitId: 0efa8fb0f4c73d92
2023-05-05 20:20:56 [main] INFO  o.a.kafka.common.utils.AppInfoParser - Kafka startTimeMs: 1683328856534
2023-05-05 20:20:57 [main] INFO  o.s.b.w.e.netty.NettyWebServer - Netty started on port(s): 8080
2023-05-05 20:20:57 [main] INFO  c.m.d.t.t.k.s.TwitterToKafkaServiceApplication - Started TwitterToKafkaServiceApplication in 3.104 seconds (JVM running for 3.98)
2023-05-05 20:20:57 [main] INFO  c.m.d.t.t.k.s.TwitterToKafkaServiceApplication - App starts...
2023-05-05 20:20:57 [main] INFO  c.m.d.k.a.client.KafkaAdminClient - Creating 1 topics(s), attempt 0
2023-05-05 20:20:57 [main] INFO  c.m.d.k.a.client.KafkaAdminClient - Create topic result [KafkaFuture{value=null,exception=null,done=false}]
2023-05-05 20:20:57 [main] INFO  c.m.d.k.a.client.KafkaAdminClient - Reading kafka topic [twitter-topic], attempt 0
2023-05-05 20:20:57 [main] INFO  c.m.d.t.t.k.s.i.i.KafkaStreamInitializer - Topics with name twitter-topic is ready for operations!
2023-05-05 20:20:57 [main] INFO  c.m.d.t.t.k.s.r.i.MockKafkaStreamRunner - Starting mock filtering twitter streams for keywords [Java, Microservices, Kafka, Elasticsearch]
2023-05-05 20:20:57 [pool-1-thread-1] INFO  c.m.d.t.t.k.s.l.TwitterKafkaStatusListener - Received status text posuere ipsum libero Microservices congue Lorem sending to kafka topic twitter-topic
2023-05-05 20:20:57 [pool-1-thread-1] INFO  c.m.d.k.p.c.s.i.TwitterKafkaProducer - Sending message='{"userId": 3754015701858444908, "id": 7423039551499685345, "text": "posuere ipsum libero Microservices congue Lorem", "createdAt": 1683328857000}' to topic='twitter-topic'
2023-05-05 20:24:03 [SpringContextShutdownHook] INFO  c.m.d.k.p.c.s.i.TwitterKafkaProducer - Closing kafka producer!
2023-05-05 20:34:20 [main] INFO  c.m.d.t.t.k.s.TwitterToKafkaServiceApplication - Starting TwitterToKafkaServiceApplication on pop-os with PID 606332 (/home/gustavo/Desktop/Event-Driven Microservices/microservices.demo/twitter-to-kafka-service/target/classes started by gustavo in /home/gustavo/Desktop/Event-Driven Microservices/microservices.demo)
2023-05-05 20:34:20 [main] INFO  c.m.d.t.t.k.s.TwitterToKafkaServiceApplication - No active profile set, falling back to default profiles: default
2023-05-05 20:34:22 [main] INFO  o.a.k.c.admin.AdminClientConfig - AdminClientConfig values: 
	bootstrap.servers = [localhost:19092, localhost:29092, localhost:39092]
	client.dns.lookup = default
	client.id = 
	connections.max.idle.ms = 300000
	default.api.timeout.ms = 60000
	metadata.max.age.ms = 300000
	metric.reporters = []
	metrics.num.samples = 2
	metrics.recording.level = INFO
	metrics.sample.window.ms = 30000
	receive.buffer.bytes = 65536
	reconnect.backoff.max.ms = 1000
	reconnect.backoff.ms = 50
	request.timeout.ms = 30000
	retries = 2147483647
	retry.backoff.ms = 100
	sasl.client.callback.handler.class = null
	sasl.jaas.config = null
	sasl.kerberos.kinit.cmd = /usr/bin/kinit
	sasl.kerberos.min.time.before.relogin = 60000
	sasl.kerberos.service.name = null
	sasl.kerberos.ticket.renew.jitter = 0.05
	sasl.kerberos.ticket.renew.window.factor = 0.8
	sasl.login.callback.handler.class = null
	sasl.login.class = null
	sasl.login.refresh.buffer.seconds = 300
	sasl.login.refresh.min.period.seconds = 60
	sasl.login.refresh.window.factor = 0.8
	sasl.login.refresh.window.jitter = 0.05
	sasl.mechanism = GSSAPI
	security.protocol = PLAINTEXT
	security.providers = null
	send.buffer.bytes = 131072
	ssl.cipher.suites = null
	ssl.enabled.protocols = [TLSv1.2]
	ssl.endpoint.identification.algorithm = https
	ssl.key.password = null
	ssl.keymanager.algorithm = SunX509
	ssl.keystore.location = null
	ssl.keystore.password = null
	ssl.keystore.type = JKS
	ssl.protocol = TLSv1.2
	ssl.provider = null
	ssl.secure.random.implementation = null
	ssl.trustmanager.algorithm = PKIX
	ssl.truststore.location = null
	ssl.truststore.password = null
	ssl.truststore.type = JKS

2023-05-05 20:34:22 [main] INFO  o.a.kafka.common.utils.AppInfoParser - Kafka version: 2.5.1
2023-05-05 20:34:22 [main] INFO  o.a.kafka.common.utils.AppInfoParser - Kafka commitId: 0efa8fb0f4c73d92
2023-05-05 20:34:22 [main] INFO  o.a.kafka.common.utils.AppInfoParser - Kafka startTimeMs: 1683329662243
2023-05-05 20:34:22 [main] INFO  o.s.b.w.e.netty.NettyWebServer - Netty started on port(s): 8080
2023-05-05 20:34:22 [main] INFO  c.m.d.t.t.k.s.TwitterToKafkaServiceApplication - Started TwitterToKafkaServiceApplication in 2.483 seconds (JVM running for 3.168)
2023-05-05 20:34:22 [main] INFO  c.m.d.t.t.k.s.TwitterToKafkaServiceApplication - App starts...
2023-05-05 20:34:22 [main] INFO  c.m.d.k.a.client.KafkaAdminClient - Creating 1 topics(s), attempt 0
2023-05-05 20:34:22 [main] INFO  c.m.d.k.a.client.KafkaAdminClient - Create topic result [KafkaFuture{value=null,exception=null,done=false}]
2023-05-05 20:34:22 [main] INFO  c.m.d.k.a.client.KafkaAdminClient - Reading kafka topic [twitter-topic], attempt 0
2023-05-05 20:34:23 [main] INFO  c.m.d.t.t.k.s.i.i.KafkaStreamInitializer - Topics with name twitter-topic is ready for operations!
2023-05-05 20:34:23 [main] INFO  c.m.d.t.t.k.s.r.i.MockKafkaStreamRunner - Starting mock filtering twitter streams for keywords [Java, Microservices, Kafka, Elasticsearch]
2023-05-05 20:34:23 [pool-1-thread-1] INFO  c.m.d.t.t.k.s.l.TwitterKafkaStatusListener - Received status text libero consectetuer posuere dolor consectetuer adipiscing Lorem elit Microservices libero Lorem ultricies sit Maecenas elit sending to kafka topic twitter-topic
2023-05-05 20:34:23 [pool-1-thread-1] INFO  c.m.d.k.p.c.s.i.TwitterKafkaProducer - Sending message='{"userId": 9022735781213154653, "id": 5437568759554242765, "text": "libero consectetuer posuere dolor consectetuer adipiscing Lorem elit Microservices libero Lorem ultricies sit Maecenas elit", "createdAt": 1683329663000}' to topic='twitter-topic'
2023-05-05 20:34:23 [pool-1-thread-1] INFO  o.a.k.c.producer.ProducerConfig - ProducerConfig values: 
	acks = -1
	batch.size = 1638400
	bootstrap.servers = [localhost:19092, localhost:29092, localhost:39092]
	buffer.memory = 33554432
	client.dns.lookup = default
	client.id = producer-1
	compression.type = snappy
	connections.max.idle.ms = 540000
	delivery.timeout.ms = 120000
	enable.idempotence = false
	interceptor.classes = []
	key.serializer = class org.apache.kafka.common.serialization.LongSerializer
	linger.ms = 5
	max.block.ms = 60000
	max.in.flight.requests.per.connection = 5
	max.request.size = 1048576
	metadata.max.age.ms = 300000
	metadata.max.idle.ms = 300000
	metric.reporters = []
	metrics.num.samples = 2
	metrics.recording.level = INFO
	metrics.sample.window.ms = 30000
	partitioner.class = class org.apache.kafka.clients.producer.internals.DefaultPartitioner
	receive.buffer.bytes = 32768
	reconnect.backoff.max.ms = 1000
	reconnect.backoff.ms = 50
	request.timeout.ms = 60000
	retries = 5
	retry.backoff.ms = 100
	sasl.client.callback.handler.class = null
	sasl.jaas.config = null
	sasl.kerberos.kinit.cmd = /usr/bin/kinit
	sasl.kerberos.min.time.before.relogin = 60000
	sasl.kerberos.service.name = null
	sasl.kerberos.ticket.renew.jitter = 0.05
	sasl.kerberos.ticket.renew.window.factor = 0.8
	sasl.login.callback.handler.class = null
	sasl.login.class = null
	sasl.login.refresh.buffer.seconds = 300
	sasl.login.refresh.min.period.seconds = 60
	sasl.login.refresh.window.factor = 0.8
	sasl.login.refresh.window.jitter = 0.05
	sasl.mechanism = GSSAPI
	security.protocol = PLAINTEXT
	security.providers = null
	send.buffer.bytes = 131072
	ssl.cipher.suites = null
	ssl.enabled.protocols = [TLSv1.2]
	ssl.endpoint.identification.algorithm = https
	ssl.key.password = null
	ssl.keymanager.algorithm = SunX509
	ssl.keystore.location = null
	ssl.keystore.password = null
	ssl.keystore.type = JKS
	ssl.protocol = TLSv1.2
	ssl.provider = null
	ssl.secure.random.implementation = null
	ssl.trustmanager.algorithm = PKIX
	ssl.truststore.location = null
	ssl.truststore.password = null
	ssl.truststore.type = JKS
	transaction.timeout.ms = 60000
	transactional.id = null
	value.serializer = class io.confluent.kafka.serializers.KafkaAvroSerializer

2023-05-05 20:34:23 [pool-1-thread-1] INFO  i.c.k.s.KafkaAvroSerializerConfig - KafkaAvroSerializerConfig values: 
	bearer.auth.token = [hidden]
	proxy.port = -1
	schema.reflection = false
	auto.register.schemas = true
	max.schemas.per.subject = 1000
	basic.auth.credentials.source = URL
	value.subject.name.strategy = class io.confluent.kafka.serializers.subject.TopicNameStrategy
	schema.registry.url = [http://localhost:8081]
	basic.auth.user.info = [hidden]
	proxy.host = 
	use.latest.version = false
	schema.registry.basic.auth.user.info = [hidden]
	bearer.auth.credentials.source = STATIC_TOKEN
	key.subject.name.strategy = class io.confluent.kafka.serializers.subject.TopicNameStrategy

2023-05-05 20:34:23 [pool-1-thread-1] WARN  o.a.k.c.producer.ProducerConfig - The configuration 'internal.auto.downgrade.txn.commit' was supplied but isn't a known config.
2023-05-05 20:34:23 [pool-1-thread-1] INFO  o.a.kafka.common.utils.AppInfoParser - Kafka version: 2.5.1
2023-05-05 20:34:23 [pool-1-thread-1] INFO  o.a.kafka.common.utils.AppInfoParser - Kafka commitId: 0efa8fb0f4c73d92
2023-05-05 20:34:23 [pool-1-thread-1] INFO  o.a.kafka.common.utils.AppInfoParser - Kafka startTimeMs: 1683329663336
2023-05-05 20:34:23 [kafka-producer-network-thread | producer-1] INFO  org.apache.kafka.clients.Metadata - [Producer clientId=producer-1] Cluster ID: XksjVsbyTiGNYzIltaIveg
2023-05-05 20:34:33 [pool-1-thread-1] INFO  c.m.d.t.t.k.s.l.TwitterKafkaStatusListener - Received status text dolor Maecenas pulvinar adipiscing pulvinar Elasticsearch Maecenas adipiscing elit Fusce sending to kafka topic twitter-topic
2023-05-05 20:34:33 [pool-1-thread-1] INFO  c.m.d.k.p.c.s.i.TwitterKafkaProducer - Sending message='{"userId": 2152204552287829748, "id": 2232648668863190089, "text": "dolor Maecenas pulvinar adipiscing pulvinar Elasticsearch Maecenas adipiscing elit Fusce", "createdAt": 1683329673000}' to topic='twitter-topic'
2023-05-05 20:34:43 [pool-1-thread-1] INFO  c.m.d.t.t.k.s.l.TwitterKafkaStatusListener - Received status text posuere sed purus massa congue sit Java malesuada elit porttitor adipiscing sending to kafka topic twitter-topic
2023-05-05 20:34:43 [pool-1-thread-1] INFO  c.m.d.k.p.c.s.i.TwitterKafkaProducer - Sending message='{"userId": 785280217006311230, "id": 9103075989869088972, "text": "posuere sed purus massa congue sit Java malesuada elit porttitor adipiscing", "createdAt": 1683329683000}' to topic='twitter-topic'
2023-05-05 20:34:53 [pool-1-thread-1] INFO  c.m.d.t.t.k.s.l.TwitterKafkaStatusListener - Received status text malesuada libero consectetuer congue consectetuer consectetuer magna posuere Kafka Maecenas purus consectetuer magna ultricies amet sed sending to kafka topic twitter-topic
2023-05-05 20:34:53 [pool-1-thread-1] INFO  c.m.d.k.p.c.s.i.TwitterKafkaProducer - Sending message='{"userId": 5229499496533006742, "id": 4263308210072802189, "text": "malesuada libero consectetuer congue consectetuer consectetuer magna posuere Kafka Maecenas purus consectetuer magna ultricies amet sed", "createdAt": 1683329693000}' to topic='twitter-topic'
2023-05-05 20:35:03 [pool-1-thread-1] INFO  c.m.d.t.t.k.s.l.TwitterKafkaStatusListener - Received status text sit sed Lorem sit sed Java Maecenas ipsum malesuada sending to kafka topic twitter-topic
2023-05-05 20:35:03 [pool-1-thread-1] INFO  c.m.d.k.p.c.s.i.TwitterKafkaProducer - Sending message='{"userId": 7872128941059416889, "id": 474357107990609083, "text": "sit sed Lorem sit sed Java Maecenas ipsum malesuada", "createdAt": 1683329703000}' to topic='twitter-topic'
2023-05-05 20:35:13 [pool-1-thread-1] INFO  c.m.d.t.t.k.s.l.TwitterKafkaStatusListener - Received status text amet elit magna sit Elasticsearch Maecenas malesuada sending to kafka topic twitter-topic
2023-05-05 20:35:13 [pool-1-thread-1] INFO  c.m.d.k.p.c.s.i.TwitterKafkaProducer - Sending message='{"userId": 8263890808446773226, "id": 5590281318625502460, "text": "amet elit magna sit Elasticsearch Maecenas malesuada", "createdAt": 1683329713000}' to topic='twitter-topic'
2023-05-05 20:35:23 [pool-1-thread-1] INFO  c.m.d.t.t.k.s.l.TwitterKafkaStatusListener - Received status text libero Fusce dolor Microservices libero malesuada sending to kafka topic twitter-topic
2023-05-05 20:35:23 [pool-1-thread-1] INFO  c.m.d.k.p.c.s.i.TwitterKafkaProducer - Sending message='{"userId": 4941180431116214092, "id": 2054712885735406654, "text": "libero Fusce dolor Microservices libero malesuada", "createdAt": 1683329723000}' to topic='twitter-topic'
2023-05-05 20:35:33 [pool-1-thread-1] INFO  c.m.d.t.t.k.s.l.TwitterKafkaStatusListener - Received status text amet posuere amet elit ultricies congue Elasticsearch adipiscing porttitor amet ipsum sending to kafka topic twitter-topic
2023-05-05 20:35:33 [pool-1-thread-1] INFO  c.m.d.k.p.c.s.i.TwitterKafkaProducer - Sending message='{"userId": 9171220238108361163, "id": 1203397408047566716, "text": "amet posuere amet elit ultricies congue Elasticsearch adipiscing porttitor amet ipsum", "createdAt": 1683329733000}' to topic='twitter-topic'
2023-05-05 20:35:43 [pool-1-thread-1] INFO  c.m.d.t.t.k.s.l.TwitterKafkaStatusListener - Received status text sit posuere massa ultricies Java porttitor massa libero sending to kafka topic twitter-topic
2023-05-05 20:35:43 [pool-1-thread-1] INFO  c.m.d.k.p.c.s.i.TwitterKafkaProducer - Sending message='{"userId": 14092792571271398, "id": 8243319845505244752, "text": "sit posuere massa ultricies Java porttitor massa libero", "createdAt": 1683329743000}' to topic='twitter-topic'
2023-05-05 20:35:53 [pool-1-thread-1] INFO  c.m.d.t.t.k.s.l.TwitterKafkaStatusListener - Received status text congue Maecenas sit Lorem massa posuere ultricies lectus Kafka elit amet massa sit purus malesuada sending to kafka topic twitter-topic
2023-05-05 20:35:53 [pool-1-thread-1] INFO  c.m.d.k.p.c.s.i.TwitterKafkaProducer - Sending message='{"userId": 114629234732753700, "id": 5499360908605029445, "text": "congue Maecenas sit Lorem massa posuere ultricies lectus Kafka elit amet massa sit purus malesuada", "createdAt": 1683329753000}' to topic='twitter-topic'
2023-05-05 20:36:03 [pool-1-thread-1] INFO  c.m.d.t.t.k.s.l.TwitterKafkaStatusListener - Received status text consectetuer sit ipsum ultricies Elasticsearch amet libero sending to kafka topic twitter-topic
2023-05-05 20:36:03 [pool-1-thread-1] INFO  c.m.d.k.p.c.s.i.TwitterKafkaProducer - Sending message='{"userId": 7643957586335685493, "id": 5880105465583259466, "text": "consectetuer sit ipsum ultricies Elasticsearch amet libero", "createdAt": 1683329763000}' to topic='twitter-topic'
2023-05-05 20:36:13 [pool-1-thread-1] INFO  c.m.d.t.t.k.s.l.TwitterKafkaStatusListener - Received status text adipiscing elit massa Maecenas congue adipiscing posuere massa Microservices porttitor magna pulvinar lectus Maecenas malesuada adipiscing sending to kafka topic twitter-topic
2023-05-05 20:36:13 [pool-1-thread-1] INFO  c.m.d.k.p.c.s.i.TwitterKafkaProducer - Sending message='{"userId": 6365256750119336736, "id": 6308944707043271392, "text": "adipiscing elit massa Maecenas congue adipiscing posuere massa Microservices porttitor magna pulvinar lectus Maecenas malesuada adipiscing", "createdAt": 1683329773000}' to topic='twitter-topic'
2023-05-05 20:36:23 [pool-1-thread-1] INFO  c.m.d.t.t.k.s.l.TwitterKafkaStatusListener - Received status text pulvinar sed lectus congue dolor massa malesuada pulvinar Elasticsearch Fusce purus libero Fusce libero malesuada sending to kafka topic twitter-topic
2023-05-05 20:36:23 [pool-1-thread-1] INFO  c.m.d.k.p.c.s.i.TwitterKafkaProducer - Sending message='{"userId": 3876552956063867470, "id": 5432434764545505614, "text": "pulvinar sed lectus congue dolor massa malesuada pulvinar Elasticsearch Fusce purus libero Fusce libero malesuada", "createdAt": 1683329783000}' to topic='twitter-topic'
2023-05-05 20:36:33 [pool-1-thread-1] INFO  c.m.d.t.t.k.s.l.TwitterKafkaStatusListener - Received status text pulvinar malesuada pulvinar ultricies elit ultricies Fusce Lorem Kafka Maecenas sed Fusce magna lectus sed libero sending to kafka topic twitter-topic
2023-05-05 20:36:33 [pool-1-thread-1] INFO  c.m.d.k.p.c.s.i.TwitterKafkaProducer - Sending message='{"userId": 7117316878094660806, "id": 7131950626785258001, "text": "pulvinar malesuada pulvinar ultricies elit ultricies Fusce Lorem Kafka Maecenas sed Fusce magna lectus sed libero", "createdAt": 1683329793000}' to topic='twitter-topic'
2023-05-05 20:36:43 [pool-1-thread-1] INFO  c.m.d.t.t.k.s.l.TwitterKafkaStatusListener - Received status text adipiscing sit consectetuer magna amet posuere malesuada pulvinar Kafka magna sit lectus dolor purus amet dolor sending to kafka topic twitter-topic
2023-05-05 20:36:43 [pool-1-thread-1] INFO  c.m.d.k.p.c.s.i.TwitterKafkaProducer - Sending message='{"userId": 45674080799475471, "id": 3252977118205333672, "text": "adipiscing sit consectetuer magna amet posuere malesuada pulvinar Kafka magna sit lectus dolor purus amet dolor", "createdAt": 1683329803000}' to topic='twitter-topic'
2023-05-05 20:36:53 [pool-1-thread-1] INFO  c.m.d.t.t.k.s.l.TwitterKafkaStatusListener - Received status text Fusce ultricies sit Maecenas Lorem pulvinar amet amet Microservices adipiscing congue amet purus lectus Fusce sed sending to kafka topic twitter-topic
2023-05-05 20:36:53 [pool-1-thread-1] INFO  c.m.d.k.p.c.s.i.TwitterKafkaProducer - Sending message='{"userId": 8250858497443800365, "id": 8362624557717544805, "text": "Fusce ultricies sit Maecenas Lorem pulvinar amet amet Microservices adipiscing congue amet purus lectus Fusce sed", "createdAt": 1683329813000}' to topic='twitter-topic'
2023-05-05 20:37:03 [pool-1-thread-1] INFO  c.m.d.t.t.k.s.l.TwitterKafkaStatusListener - Received status text consectetuer sit sit pulvinar Lorem pulvinar Microservices congue porttitor ipsum adipiscing adipiscing sending to kafka topic twitter-topic
2023-05-05 20:37:03 [pool-1-thread-1] INFO  c.m.d.k.p.c.s.i.TwitterKafkaProducer - Sending message='{"userId": 2834313069734609869, "id": 1578874344705984766, "text": "consectetuer sit sit pulvinar Lorem pulvinar Microservices congue porttitor ipsum adipiscing adipiscing", "createdAt": 1683329823000}' to topic='twitter-topic'
2023-05-05 20:37:13 [pool-1-thread-1] INFO  c.m.d.t.t.k.s.l.TwitterKafkaStatusListener - Received status text magna magna Fusce dolor adipiscing massa Elasticsearch purus congue congue lectus sed sending to kafka topic twitter-topic
2023-05-05 20:37:13 [pool-1-thread-1] INFO  c.m.d.k.p.c.s.i.TwitterKafkaProducer - Sending message='{"userId": 3841322718197138890, "id": 1945474832116777440, "text": "magna magna Fusce dolor adipiscing massa Elasticsearch purus congue congue lectus sed", "createdAt": 1683329833000}' to topic='twitter-topic'
2023-05-05 20:37:23 [pool-1-thread-1] INFO  c.m.d.t.t.k.s.l.TwitterKafkaStatusListener - Received status text ultricies porttitor dolor porttitor dolor Kafka porttitor porttitor posuere ultricies sending to kafka topic twitter-topic
2023-05-05 20:37:23 [pool-1-thread-1] INFO  c.m.d.k.p.c.s.i.TwitterKafkaProducer - Sending message='{"userId": 1853289225374411907, "id": 1827136231184727833, "text": "ultricies porttitor dolor porttitor dolor Kafka porttitor porttitor posuere ultricies", "createdAt": 1683329843000}' to topic='twitter-topic'
2023-05-05 20:37:33 [pool-1-thread-1] INFO  c.m.d.t.t.k.s.l.TwitterKafkaStatusListener - Received status text porttitor posuere ipsum sit elit Maecenas ultricies Elasticsearch posuere purus lectus sit posuere sending to kafka topic twitter-topic
2023-05-05 20:37:33 [pool-1-thread-1] INFO  c.m.d.k.p.c.s.i.TwitterKafkaProducer - Sending message='{"userId": 513416126525839632, "id": 6504179548285294500, "text": "porttitor posuere ipsum sit elit Maecenas ultricies Elasticsearch posuere purus lectus sit posuere", "createdAt": 1683329853000}' to topic='twitter-topic'
2023-05-05 20:37:43 [pool-1-thread-1] INFO  c.m.d.t.t.k.s.l.TwitterKafkaStatusListener - Received status text consectetuer libero amet sit lectus dolor porttitor Microservices porttitor lectus magna elit sit dolor sending to kafka topic twitter-topic
2023-05-05 20:37:43 [pool-1-thread-1] INFO  c.m.d.k.p.c.s.i.TwitterKafkaProducer - Sending message='{"userId": 7125898321446037443, "id": 7738164199811015253, "text": "consectetuer libero amet sit lectus dolor porttitor Microservices porttitor lectus magna elit sit dolor", "createdAt": 1683329863000}' to topic='twitter-topic'
2023-05-05 20:37:53 [pool-1-thread-1] INFO  c.m.d.t.t.k.s.l.TwitterKafkaStatusListener - Received status text sit magna sed dolor Elasticsearch porttitor adipiscing massa sending to kafka topic twitter-topic
2023-05-05 20:37:53 [pool-1-thread-1] INFO  c.m.d.k.p.c.s.i.TwitterKafkaProducer - Sending message='{"userId": 8952650830185724476, "id": 5915988785238820639, "text": "sit magna sed dolor Elasticsearch porttitor adipiscing massa", "createdAt": 1683329873000}' to topic='twitter-topic'
2023-05-05 20:38:03 [pool-1-thread-1] INFO  c.m.d.t.t.k.s.l.TwitterKafkaStatusListener - Received status text lectus consectetuer amet malesuada malesuada posuere congue dolor Microservices consectetuer libero congue sed pulvinar ipsum purus sending to kafka topic twitter-topic
2023-05-05 20:38:03 [pool-1-thread-1] INFO  c.m.d.k.p.c.s.i.TwitterKafkaProducer - Sending message='{"userId": 151404850201195319, "id": 6868930483710308407, "text": "lectus consectetuer amet malesuada malesuada posuere congue dolor Microservices consectetuer libero congue sed pulvinar ipsum purus", "createdAt": 1683329883000}' to topic='twitter-topic'
2023-05-05 20:38:13 [pool-1-thread-1] INFO  c.m.d.t.t.k.s.l.TwitterKafkaStatusListener - Received status text posuere purus pulvinar Fusce lectus pulvinar consectetuer libero Kafka porttitor porttitor massa massa purus Lorem sending to kafka topic twitter-topic
2023-05-05 20:38:13 [pool-1-thread-1] INFO  c.m.d.k.p.c.s.i.TwitterKafkaProducer - Sending message='{"userId": 5654700578546593094, "id": 8915781664757196149, "text": "posuere purus pulvinar Fusce lectus pulvinar consectetuer libero Kafka porttitor porttitor massa massa purus Lorem", "createdAt": 1683329893000}' to topic='twitter-topic'
2023-05-05 20:38:23 [pool-1-thread-1] INFO  c.m.d.t.t.k.s.l.TwitterKafkaStatusListener - Received status text magna dolor Maecenas elit ipsum posuere sed lectus Kafka sit libero porttitor magna libero ultricies sending to kafka topic twitter-topic
2023-05-05 20:38:23 [pool-1-thread-1] INFO  c.m.d.k.p.c.s.i.TwitterKafkaProducer - Sending message='{"userId": 4716317747639223233, "id": 5218491659627716392, "text": "magna dolor Maecenas elit ipsum posuere sed lectus Kafka sit libero porttitor magna libero ultricies", "createdAt": 1683329903000}' to topic='twitter-topic'
2023-05-05 20:38:33 [pool-1-thread-1] INFO  c.m.d.t.t.k.s.l.TwitterKafkaStatusListener - Received status text amet posuere sed sed ultricies Microservices posuere ipsum massa libero sending to kafka topic twitter-topic
2023-05-05 20:38:33 [pool-1-thread-1] INFO  c.m.d.k.p.c.s.i.TwitterKafkaProducer - Sending message='{"userId": 4061436457444373888, "id": 6401534350668186457, "text": "amet posuere sed sed ultricies Microservices posuere ipsum massa libero", "createdAt": 1683329913000}' to topic='twitter-topic'
2023-05-05 20:38:43 [pool-1-thread-1] INFO  c.m.d.t.t.k.s.l.TwitterKafkaStatusListener - Received status text malesuada ipsum ipsum congue magna sit Java consectetuer massa malesuada malesuada sending to kafka topic twitter-topic
2023-05-05 20:38:43 [pool-1-thread-1] INFO  c.m.d.k.p.c.s.i.TwitterKafkaProducer - Sending message='{"userId": 5990393974244496607, "id": 7989245119589529046, "text": "malesuada ipsum ipsum congue magna sit Java consectetuer massa malesuada malesuada", "createdAt": 1683329923000}' to topic='twitter-topic'
2023-05-05 20:38:53 [pool-1-thread-1] INFO  c.m.d.t.t.k.s.l.TwitterKafkaStatusListener - Received status text libero elit magna malesuada Elasticsearch malesuada Lorem porttitor sending to kafka topic twitter-topic
2023-05-05 20:38:53 [pool-1-thread-1] INFO  c.m.d.k.p.c.s.i.TwitterKafkaProducer - Sending message='{"userId": 6369568206845369273, "id": 6560845650594654667, "text": "libero elit magna malesuada Elasticsearch malesuada Lorem porttitor", "createdAt": 1683329933000}' to topic='twitter-topic'
2023-05-05 20:39:03 [pool-1-thread-1] INFO  c.m.d.t.t.k.s.l.TwitterKafkaStatusListener - Received status text massa sit porttitor adipiscing magna ipsum Java posuere porttitor sit ipsum adipiscing sending to kafka topic twitter-topic
2023-05-05 20:39:03 [pool-1-thread-1] INFO  c.m.d.k.p.c.s.i.TwitterKafkaProducer - Sending message='{"userId": 5421661984093205391, "id": 3445051784724937471, "text": "massa sit porttitor adipiscing magna ipsum Java posuere porttitor sit ipsum adipiscing", "createdAt": 1683329943000}' to topic='twitter-topic'
2023-05-05 20:39:13 [pool-1-thread-1] INFO  c.m.d.t.t.k.s.l.TwitterKafkaStatusListener - Received status text sed magna adipiscing posuere sed Elasticsearch elit elit purus sending to kafka topic twitter-topic
2023-05-05 20:39:13 [pool-1-thread-1] INFO  c.m.d.k.p.c.s.i.TwitterKafkaProducer - Sending message='{"userId": 2499699475673473395, "id": 607005124243550515, "text": "sed magna adipiscing posuere sed Elasticsearch elit elit purus", "createdAt": 1683329953000}' to topic='twitter-topic'
2023-05-05 20:39:23 [pool-1-thread-1] INFO  c.m.d.t.t.k.s.l.TwitterKafkaStatusListener - Received status text elit congue sit pulvinar ipsum Microservices porttitor adipiscing purus sending to kafka topic twitter-topic
2023-05-05 20:39:23 [pool-1-thread-1] INFO  c.m.d.k.p.c.s.i.TwitterKafkaProducer - Sending message='{"userId": 5681008558913264777, "id": 7273883919859540695, "text": "elit congue sit pulvinar ipsum Microservices porttitor adipiscing purus", "createdAt": 1683329963000}' to topic='twitter-topic'
2023-05-05 20:39:33 [pool-1-thread-1] INFO  c.m.d.t.t.k.s.l.TwitterKafkaStatusListener - Received status text Lorem purus Maecenas massa Java pulvinar posuere amet sending to kafka topic twitter-topic
2023-05-05 20:39:33 [pool-1-thread-1] INFO  c.m.d.k.p.c.s.i.TwitterKafkaProducer - Sending message='{"userId": 6403069145639689468, "id": 3926523306082413569, "text": "Lorem purus Maecenas massa Java pulvinar posuere amet", "createdAt": 1683329973000}' to topic='twitter-topic'
2023-05-05 20:39:43 [pool-1-thread-1] INFO  c.m.d.t.t.k.s.l.TwitterKafkaStatusListener - Received status text libero amet congue consectetuer malesuada malesuada Java libero congue consectetuer ultricies sending to kafka topic twitter-topic
2023-05-05 20:39:43 [pool-1-thread-1] INFO  c.m.d.k.p.c.s.i.TwitterKafkaProducer - Sending message='{"userId": 153353073166073405, "id": 8560787700976363180, "text": "libero amet congue consectetuer malesuada malesuada Java libero congue consectetuer ultricies", "createdAt": 1683329983000}' to topic='twitter-topic'
2023-05-05 20:39:53 [pool-1-thread-1] INFO  c.m.d.t.t.k.s.l.TwitterKafkaStatusListener - Received status text magna Fusce Fusce congue Lorem Maecenas Microservices pulvinar posuere massa amet ipsum sending to kafka topic twitter-topic
2023-05-05 20:39:53 [pool-1-thread-1] INFO  c.m.d.k.p.c.s.i.TwitterKafkaProducer - Sending message='{"userId": 541046083560497062, "id": 5540093632676149028, "text": "magna Fusce Fusce congue Lorem Maecenas Microservices pulvinar posuere massa amet ipsum", "createdAt": 1683329993000}' to topic='twitter-topic'
2023-05-05 20:40:03 [pool-1-thread-1] INFO  c.m.d.t.t.k.s.l.TwitterKafkaStatusListener - Received status text Maecenas sit sit massa consectetuer Kafka Lorem Maecenas ultricies consectetuer sending to kafka topic twitter-topic
2023-05-05 20:40:03 [pool-1-thread-1] INFO  c.m.d.k.p.c.s.i.TwitterKafkaProducer - Sending message='{"userId": 4140777228389609011, "id": 5130512601067276166, "text": "Maecenas sit sit massa consectetuer Kafka Lorem Maecenas ultricies consectetuer", "createdAt": 1683330003000}' to topic='twitter-topic'
2023-05-05 20:40:13 [pool-1-thread-1] INFO  c.m.d.t.t.k.s.l.TwitterKafkaStatusListener - Received status text malesuada pulvinar ultricies elit porttitor dolor sit Java Lorem Lorem posuere dolor magna sending to kafka topic twitter-topic
2023-05-05 20:40:13 [pool-1-thread-1] INFO  c.m.d.k.p.c.s.i.TwitterKafkaProducer - Sending message='{"userId": 3398178582813224766, "id": 1326937099271576095, "text": "malesuada pulvinar ultricies elit porttitor dolor sit Java Lorem Lorem posuere dolor magna", "createdAt": 1683330013000}' to topic='twitter-topic'
2023-05-05 20:40:17 [SpringContextShutdownHook] INFO  c.m.d.k.p.c.s.i.TwitterKafkaProducer - Closing kafka producer!
2023-05-05 20:40:17 [SpringContextShutdownHook] INFO  o.a.k.clients.producer.KafkaProducer - [Producer clientId=producer-1] Closing the Kafka producer with timeoutMillis = 30000 ms.
